<?xml version="1.0" encoding="UTF-8"?>
<!-- Generated by org.testng.reporters.JUnitXMLReporter -->
<testsuite ignored="1" hostname="LAPTOP-5KMFOFH9" failures="0" tests="1" name="Default test" time="1.193" errors="0" timestamp="2025-03-17T09:47:29 IST">
  <testcase classname="com.TestNG.DataDrivenTesting.TestExcelFile" name="readSingleData" time="1.115"/>
  <testcase classname="com.TestNG.DataDrivenTesting.TestExcelFile" name="readData" time="0.0">
    <ignored/>
  </testcase> <!-- readData -->
</testsuite> <!-- Default test -->
