<?xml version="1.0" encoding="UTF-8"?>
<!-- Generated by org.testng.reporters.JUnitXMLReporter -->
<testsuite ignored="0" hostname="LAPTOP-5KMFOFH9" failures="0" tests="3" name="Default test" time="10.025" errors="0" timestamp="2025-03-22T20:16:09 IST">
  <testcase classname="com.SwagLab.TestCases.Test2_Inventory" name="validateProductCount" time="0.045"/>
  <testcase classname="com.SwagLab.TestCases.Test2_Inventory" name="varifyProductDeatils" time="0.098"/>
  <testcase classname="com.SwagLab.TestCases.Test2_Inventory" name="validateAddToCartFeature" time="0.211"/>
</testsuite> <!-- Default test -->
