<?xml version="1.0" encoding="UTF-8"?>
<!-- Generated by org.testng.reporters.JUnitXMLReporter -->
<testsuite ignored="0" hostname="LAPTOP-5KMFOFH9" failures="0" tests="6" name="chromeTest" time="53.587" errors="0" timestamp="2025-03-22T20:26:02 IST">
  <testcase classname="com.SwagLab.TestCases.Test2_Inventory" name="validateProductCount" time="0.016"/>
  <testcase classname="com.SwagLab.TestCases.Test1_Login" name="validateUrl" time="0.009"/>
  <testcase classname="com.SwagLab.TestCases.Test1_Login" name="validateTitle" time="0.009"/>
  <testcase classname="com.SwagLab.TestCases.Test2_Inventory" name="varifyProductDeatils" time="0.101"/>
  <testcase classname="com.SwagLab.TestCases.Test2_Inventory" name="validateAddToCartFeature" time="0.285"/>
  <testcase classname="com.SwagLab.TestCases.Test1_Login" name="validateLogin" time="0.426"/>
</testsuite> <!-- chromeTest -->
