<?xml version="1.0" encoding="UTF-8"?>
<!-- Generated by org.testng.reporters.JUnitXMLReporter -->
<testsuite ignored="0" hostname="LAPTOP-5KMFOFH9" failures="0" tests="6" name="FirefoxText" time="20.724" errors="0" timestamp="2025-03-22T20:25:29 IST">
  <testcase classname="com.SwagLab.TestCases.Test2_Inventory" name="validateProductCount" time="0.015"/>
  <testcase classname="com.SwagLab.TestCases.Test1_Login" name="validateUrl" time="0.018"/>
  <testcase classname="com.SwagLab.TestCases.Test1_Login" name="validateTitle" time="0.01"/>
  <testcase classname="com.SwagLab.TestCases.Test2_Inventory" name="varifyProductDeatils" time="0.123"/>
  <testcase classname="com.SwagLab.TestCases.Test2_Inventory" name="validateAddToCartFeature" time="0.613"/>
  <testcase classname="com.SwagLab.TestCases.Test1_Login" name="validateLogin" time="0.509"/>
</testsuite> <!-- FirefoxText -->
