<?xml version="1.0" encoding="UTF-8"?>
<!-- Generated by org.testng.reporters.JUnitXMLReporter -->
<testsuite ignored="0" hostname="LAPTOP-5KMFOFH9" failures="0" tests="13" name="Test" time="60.214" errors="0" timestamp="2025-03-22T22:36:22 IST">
  <testcase classname="com.SwagLab.TestCases.Test1_Login" name="validateUrl" time="0.028"/>
  <testcase classname="com.SwagLab.TestCases.Test1_Login" name="validateTitle" time="0.013"/>
  <testcase classname="com.SwagLab.TestCases.Test1_Login" name="validateLogin" time="2.463"/>
  <testcase classname="com.SwagLab.TestCases.Test2_Inventory" name="validateProductCount" time="0.021"/>
  <testcase classname="com.SwagLab.TestCases.Test2_Inventory" name="varifyProductDeatils" time="0.106"/>
  <testcase classname="com.SwagLab.TestCases.Test2_Inventory" name="validateAddToCartFeature" time="2.271"/>
  <testcase classname="com.SwagLab.TestCases.Test3_CartPage" name="varifyProductDescription" time="0.027"/>
  <testcase classname="com.SwagLab.TestCases.Test3_CartPage" name="validateRemoveFeature" time="2.091"/>
  <testcase classname="com.SwagLab.TestCases.Test3_CartPage" name="validateContinueShoppingFeature" time="4.409"/>
  <testcase classname="com.SwagLab.TestCases.Test3_CartPage" name="validateCheckoutFeature" time="0.091"/>
  <testcase classname="com.SwagLab.TestCases.Test4_CheckOut" name="validateCheckout" time="0.378"/>
  <testcase classname="com.SwagLab.TestCases.Test5_OverView" name="varifySummary" time="0.03"/>
  <testcase classname="com.SwagLab.TestCases.Test5_OverView" name="validateCompleteCheckOut" time="0.118"/>
</testsuite> <!-- Test -->
