<?xml version="1.0" encoding="UTF-8"?>
<!-- Generated by org.testng.reporters.JUnitXMLReporter -->
<testsuite ignored="0" hostname="LAPTOP-5KMFOFH9" failures="0" tests="4" name="Test1" time="19.202" errors="0" timestamp="2025-03-15T21:28:42 IST">
  <testcase classname="com.TestNG.ParallelTesting.LoginTest" name="testlogin" time="2.324"/>
  <testcase classname="com.TestNG.ParallelTesting.HomepageTest" name="testcase1" time="0.156"/>
  <testcase classname="com.TestNG.ParallelTesting.HomepageTest" name="testregisterlink" time="0.759"/>
  <testcase classname="com.TestNG.ParallelTesting.HomepageTest" name="testLogin" time="0.706"/>
</testsuite> <!-- Test1 -->
