<?xml version="1.0" encoding="UTF-8"?>
<!-- Generated by org.testng.reporters.JUnitXMLReporter -->
<testsuite ignored="0" hostname="LAPTOP-5KMFOFH9" failures="0" tests="4" name="Test2" time="13.849" errors="0" timestamp="2025-03-15T21:28:36 IST">
  <testcase classname="com.TestNG.ParallelTesting.LoginTest" name="testlogin" time="1.201"/>
  <testcase classname="com.TestNG.ParallelTesting.HomepageTest" name="testcase1" time="0.13"/>
  <testcase classname="com.TestNG.ParallelTesting.HomepageTest" name="testregisterlink" time="1.202"/>
  <testcase classname="com.TestNG.ParallelTesting.HomepageTest" name="testLogin" time="0.92"/>
</testsuite> <!-- Test2 -->
