<?xml version="1.0" encoding="UTF-8"?>
<testng-results ignored="0" total="2" passed="2" failed="0" skipped="0">
  <reporter-output>
  </reporter-output>
  <suite started-at="2025-03-16T21:37:19 IST" name="Default suite" finished-at="2025-03-16T21:37:29 IST" duration-ms="10468">
    <groups>
    </groups>
    <test started-at="2025-03-16T21:37:19 IST" name="Default test" finished-at="2025-03-16T21:37:29 IST" duration-ms="10468">
      <class name="com.TestNG.PageObjectModelUsingPageFactory.HRMLoginPageTest">
        <test-method is-config="true" signature="setUp()[pri:0, instance:com.TestNG.PageObjectModelUsingPageFactory.HRMLoginPageTest@27462a88]" started-at="2025-03-16T21:37:19 IST" name="setUp" finished-at="2025-03-16T21:37:26 IST" duration-ms="7034" status="PASS">
          <reporter-output>
          </reporter-output>
        </test-method> <!-- setUp -->
        <test-method signature="validateUrl()[pri:1, instance:com.TestNG.PageObjectModelUsingPageFactory.HRMLoginPageTest@27462a88]" started-at="2025-03-16T21:37:26 IST" name="validateUrl" finished-at="2025-03-16T21:37:26 IST" duration-ms="24" status="PASS">
          <reporter-output>
          </reporter-output>
        </test-method> <!-- validateUrl -->
        <test-method signature="validateLogin()[pri:2, instance:com.TestNG.PageObjectModelUsingPageFactory.HRMLoginPageTest@27462a88]" started-at="2025-03-16T21:37:26 IST" name="validateLogin" finished-at="2025-03-16T21:37:29 IST" duration-ms="3330" status="PASS">
          <reporter-output>
          </reporter-output>
        </test-method> <!-- validateLogin -->
      </class> <!-- com.TestNG.PageObjectModelUsingPageFactory.HRMLoginPageTest -->
    </test> <!-- Default test -->
  </suite> <!-- Default suite -->
</testng-results>
