<?xml version="1.0" encoding="UTF-8"?>
<testng-results ignored="0" total="1" passed="1" failed="0" skipped="0">
  <reporter-output>
  </reporter-output>
  <suite started-at="2025-04-13T21:13:50 IST" name="Default suite" finished-at="2025-04-13T21:14:01 IST" duration-ms="10516">
    <groups>
    </groups>
    <test started-at="2025-04-13T21:13:50 IST" name="Default test" finished-at="2025-04-13T21:14:01 IST" duration-ms="10516">
      <class name="com.MobileScenarios.TestDragGesture">
        <test-method signature="testDrag()[pri:0, instance:com.MobileScenarios.TestDragGesture@3b6ddd1d]" started-at="2025-04-13T21:13:50 IST" name="testDrag" finished-at="2025-04-13T21:14:01 IST" duration-ms="10461" status="PASS">
          <reporter-output>
          </reporter-output>
        </test-method> <!-- testDrag -->
      </class> <!-- com.MobileScenarios.TestDragGesture -->
    </test> <!-- Default test -->
  </suite> <!-- Default suite -->
</testng-results>
