<?xml version="1.0" encoding="UTF-8"?>
<!-- Generated by org.testng.reporters.JUnitReportReporter -->
<testsuite hostname="LAPTOP-5KMFOFH9" failures="0" tests="6" name="com.TestNG.ParallelTesting.HomepageTest" time="3.873" errors="0" timestamp="2025-03-15T21:28:42 IST" skipped="0">
  <testcase classname="com.TestNG.ParallelTesting.HomepageTest" name="testcase1" time="0.130"/>
  <system-out/>
  <testcase classname="com.TestNG.ParallelTesting.HomepageTest" name="testcase1" time="0.156"/>
  <system-out/>
  <testcase classname="com.TestNG.ParallelTesting.HomepageTest" name="testregisterlink" time="0.759"/>
  <system-out/>
  <testcase classname="com.TestNG.ParallelTesting.HomepageTest" name="testregisterlink" time="1.202"/>
  <system-out/>
  <testcase classname="com.TestNG.ParallelTesting.HomepageTest" name="testLogin" time="0.706"/>
  <system-out/>
  <testcase classname="com.TestNG.ParallelTesting.HomepageTest" name="testLogin" time="0.920"/>
  <system-out/>
</testsuite> <!-- com.TestNG.ParallelTesting.HomepageTest -->
