<?xml version="1.0" encoding="UTF-8"?>
<!-- Generated by org.testng.reporters.JUnitReportReporter -->
<testsuite hostname="LAPTOP-5KMFOFH9" failures="0" tests="3" name="com.TestNG.ParallelTesting.ClassA" time="13.825" errors="0" timestamp="2025-03-15T21:25:27 IST" skipped="0">
  <testcase classname="com.TestNG.ParallelTesting.ClassA" name="edgeTets" time="5.536"/>
  <system-out/>
  <testcase classname="com.TestNG.ParallelTesting.ClassA" name="firefoxTets" time="3.796"/>
  <system-out/>
  <testcase classname="com.TestNG.ParallelTesting.ClassA" name="chromeTets" time="4.493"/>
  <system-out/>
</testsuite> <!-- com.TestNG.ParallelTesting.ClassA -->
