<?xml version="1.0" encoding="UTF-8"?>
<!-- Generated by org.testng.reporters.JUnitReportReporter -->
<testsuite hostname="LAPTOP-5KMFOFH9" failures="0" tests="1" name="com.DriverSession.DriverSessionWithDesiredCapabilitiesClass" time="14.440" errors="0" timestamp="2025-04-12T21:23:48 IST" skipped="0">
  <testcase classname="com.DriverSession.DriverSessionWithDesiredCapabilitiesClass" name="testDriverSession" time="14.440"/>
  <system-out/>
</testsuite> <!-- com.DriverSession.DriverSessionWithDesiredCapabilitiesClass -->
