<?xml version="1.0" encoding="UTF-8"?>
<!-- Generated by org.testng.reporters.JUnitReportReporter -->
<testsuite hostname="LAPTOP-5KMFOFH9" failures="0" tests="3" name="com.TestNG.Annotations.AllAnnotationsBasics" time="0.011" errors="0" timestamp="2025-03-15T19:51:18 IST" skipped="0">
  <testcase classname="com.TestNG.Annotations.AllAnnotationsBasics" name="registerTest" time="0.007"/>
  <system-out/>
  <testcase classname="com.TestNG.Annotations.AllAnnotationsBasics" name="loginTest" time="0.002"/>
  <system-out/>
  <testcase classname="com.TestNG.Annotations.AllAnnotationsBasics" name="logoutTest" time="0.002"/>
  <system-out/>
</testsuite> <!-- com.TestNG.Annotations.AllAnnotationsBasics -->
