<?xml version="1.0" encoding="UTF-8"?>
<!-- Generated by org.testng.reporters.JUnitReportReporter -->
<testsuite hostname="LAPTOP-5KMFOFH9" failures="0" tests="1" name="com.WebelementHandling.WebTableHandling_DynamicTable" time="6.641" errors="0" timestamp="2025-03-08T20:04:17 IST" skipped="0">
  <testcase classname="com.WebelementHandling.WebTableHandling_DynamicTable" name="testDynamicTable" time="6.641"/>
  <system-out/>
</testsuite> <!-- com.WebelementHandling.WebTableHandling_DynamicTable -->
