<?xml version="1.0" encoding="UTF-8"?>
<!-- Generated by org.testng.reporters.JUnitReportReporter -->
<testsuite hostname="LAPTOP-5KMFOFH9" failures="0" tests="1" name="com.JavaScriptExecutorScenarios.TestJavascriptCommands" time="11.054" errors="0" timestamp="2025-03-08T21:19:27 IST" skipped="0">
  <testcase classname="com.JavaScriptExecutorScenarios.TestJavascriptCommands" name="testJs" time="11.054"/>
  <system-out/>
</testsuite> <!-- com.JavaScriptExecutorScenarios.TestJavascriptCommands -->
