<?xml version="1.0" encoding="UTF-8"?>
<!-- Generated by org.testng.reporters.JUnitReportReporter -->
<testsuite hostname="LAPTOP-5KMFOFH9" failures="0" tests="1" name="com.JavaScriptExecutorScenarios.HiddenElementautomation" time="10.390" errors="0" timestamp="2025-03-09T19:13:46 IST" skipped="0">
  <testcase classname="com.JavaScriptExecutorScenarios.HiddenElementautomation" name="testHiddenElement" time="10.390"/>
  <system-out/>
</testsuite> <!-- com.JavaScriptExecutorScenarios.HiddenElementautomation -->
