<?xml version="1.0" encoding="UTF-8"?>
<!-- Generated by org.testng.reporters.JUnitReportReporter -->
<testsuite hostname="LAPTOP-5KMFOFH9" failures="0" tests="2" name="com.TestNG.ParallelTesting.LoginTest" time="3.525" errors="0" timestamp="2025-03-15T21:28:42 IST" skipped="0">
  <testcase classname="com.TestNG.ParallelTesting.LoginTest" name="testlogin" time="1.201"/>
  <system-out/>
  <testcase classname="com.TestNG.ParallelTesting.LoginTest" name="testlogin" time="2.324"/>
  <system-out/>
</testsuite> <!-- com.TestNG.ParallelTesting.LoginTest -->
