<?xml version="1.0" encoding="UTF-8"?>
<!-- Generated by org.testng.reporters.JUnitReportReporter -->
<testsuite hostname="LAPTOP-5KMFOFH9" failures="0" tests="2" name="com.TestNG.PageObjectModelUsingPageFactory.HRMLoginPageTest" time="3.354" errors="0" timestamp="2025-03-16T21:37:29 IST" skipped="0">
  <testcase classname="com.TestNG.PageObjectModelUsingPageFactory.HRMLoginPageTest" name="validateUrl" time="0.024"/>
  <system-out/>
  <testcase classname="com.TestNG.PageObjectModelUsingPageFactory.HRMLoginPageTest" name="validateLogin" time="3.330"/>
  <system-out/>
</testsuite> <!-- com.TestNG.PageObjectModelUsingPageFactory.HRMLoginPageTest -->
