<?xml version="1.0" encoding="UTF-8"?>
<!-- Generated by org.testng.reporters.JUnitReportReporter -->
<testsuite hostname="LAPTOP-5KMFOFH9" failures="0" tests="4" name="com.SwagLab.TestCases.Test3_CartPage" time="6.618" errors="0" timestamp="2025-03-22T22:36:22 IST" skipped="0">
  <testcase classname="com.SwagLab.TestCases.Test3_CartPage" name="varifyProductDescription" time="0.027"/>
  <system-out/>
  <testcase classname="com.SwagLab.TestCases.Test3_CartPage" name="validateRemoveFeature" time="2.091"/>
  <system-out/>
  <testcase classname="com.SwagLab.TestCases.Test3_CartPage" name="validateContinueShoppingFeature" time="4.409"/>
  <system-out/>
  <testcase classname="com.SwagLab.TestCases.Test3_CartPage" name="validateCheckoutFeature" time="0.091"/>
  <system-out/>
</testsuite> <!-- com.SwagLab.TestCases.Test3_CartPage -->
