<?xml version="1.0" encoding="UTF-8"?>
<!-- Generated by org.testng.reporters.JUnitReportReporter -->
<testsuite hostname="LAPTOP-5KMFOFH9" failures="0" tests="3" name="com.TestNG.PageObjectModelUsingByLocator.LoginPageTest" time="2.179" errors="0" timestamp="2025-03-16T21:15:53 IST" skipped="0">
  <testcase classname="com.TestNG.PageObjectModelUsingByLocator.LoginPageTest" name="validateUrl" time="0.023"/>
  <system-out/>
  <testcase classname="com.TestNG.PageObjectModelUsingByLocator.LoginPageTest" name="validateTitle" time="0.014"/>
  <system-out/>
  <testcase classname="com.TestNG.PageObjectModelUsingByLocator.LoginPageTest" name="validateLogin" time="2.142"/>
  <system-out/>
</testsuite> <!-- com.TestNG.PageObjectModelUsingByLocator.LoginPageTest -->
