<?xml version="1.0" encoding="UTF-8"?>
<!-- Generated by org.testng.reporters.JUnitReportReporter -->
<testsuite hostname="LAPTOP-5KMFOFH9" failures="0" tests="4" name="com.TestNG.BasicScenario.TestDemo2_Invocationcount" time="0.005" errors="0" timestamp="2025-03-09T21:59:16 IST" skipped="0">
  <testcase classname="com.TestNG.BasicScenario.TestDemo2_Invocationcount" name="tetsLogout" time="0.001"/>
  <system-out/>
  <testcase classname="com.TestNG.BasicScenario.TestDemo2_Invocationcount" name="tetsLogin" time="0.002"/>
  <system-out/>
  <testcase classname="com.TestNG.BasicScenario.TestDemo2_Invocationcount" name="tetsLogin" time="0.001"/>
  <system-out/>
  <testcase classname="com.TestNG.BasicScenario.TestDemo2_Invocationcount" name="tetsLogin" time="0.001"/>
  <system-out/>
</testsuite> <!-- com.TestNG.BasicScenario.TestDemo2_Invocationcount -->
