<?xml version="1.0" encoding="UTF-8"?>
<!-- Generated by org.testng.reporters.JUnitReportReporter -->
<testsuite hostname="LAPTOP-5KMFOFH9" failures="0" tests="1" name="com.JavaScriptExecutorScenarios.ScollTheWebPageAutomation" time="9.031" errors="0" timestamp="2025-03-08T21:07:09 IST" skipped="0">
  <testcase classname="com.JavaScriptExecutorScenarios.ScollTheWebPageAutomation" name="testScroll" time="9.031"/>
  <system-out/>
</testsuite> <!-- com.JavaScriptExecutorScenarios.ScollTheWebPageAutomation -->
