<?xml version="1.0" encoding="UTF-8"?>
<!-- Generated by org.testng.reporters.JUnitReportReporter -->
<testsuite hostname="LAPTOP-5KMFOFH9" failures="0" tests="1" name="com.WebelementHandling.AutosuggestionDropdown_Goibibo" time="6.615" errors="0" timestamp="2025-02-23T22:47:12 IST" skipped="0">
  <testcase classname="com.WebelementHandling.AutosuggestionDropdown_Goibibo" name="testDropdown" time="6.615"/>
  <system-out/>
</testsuite> <!-- com.WebelementHandling.AutosuggestionDropdown_Goibibo -->
