<?xml version="1.0" encoding="UTF-8"?>
<!-- Generated by org.testng.reporters.JUnitReportReporter -->
<testsuite hostname="LAPTOP-5KMFOFH9" failures="0" tests="4" name="com.TestNG.Annotations.B" time="0.007" errors="0" timestamp="2025-03-15T20:01:00 IST" skipped="0">
  <testcase classname="com.TestNG.Annotations.B" name="testCase11" time="0.001"/>
  <system-out/>
  <testcase classname="com.TestNG.Annotations.B" name="testCase11" time="0.002"/>
  <system-out/>
  <testcase classname="com.TestNG.Annotations.B" name="testCase12" time="0.002"/>
  <system-out/>
  <testcase classname="com.TestNG.Annotations.B" name="testCase12" time="0.002"/>
  <system-out/>
</testsuite> <!-- com.TestNG.Annotations.B -->
