<?xml version="1.0" encoding="UTF-8"?>
<!-- Generated by org.testng.reporters.JUnitReportReporter -->
<testsuite hostname="LAPTOP-5KMFOFH9" failures="0" tests="3" name="com.SeleniumGrid.ParallelTestOnGrid" time="89.237" errors="0" timestamp="2025-03-23T20:45:35 IST" skipped="0">
  <testcase classname="com.SeleniumGrid.ParallelTestOnGrid" name="testParallel" time="26.914"/>
  <system-out/>
  <testcase classname="com.SeleniumGrid.ParallelTestOnGrid" name="testParallel" time="34.390"/>
  <system-out/>
  <testcase classname="com.SeleniumGrid.ParallelTestOnGrid" name="testParallel" time="27.933"/>
  <system-out/>
</testsuite> <!-- com.SeleniumGrid.ParallelTestOnGrid -->
