<?xml version="1.0" encoding="UTF-8"?>
<!-- Generated by org.testng.reporters.JUnitReportReporter -->
<testsuite hostname="LAPTOP-5KMFOFH9" failures="0" tests="4" name="com.TestNG.BasicScenario.TestDemo3_Enabled" time="18.741" errors="0" timestamp="2025-03-09T21:59:16 IST" skipped="1">
  <testcase classname="com.TestNG.BasicScenario.TestDemo3_Enabled" name="testFirefox2" time="7.531"/>
  <system-out/>
  <testcase classname="com.TestNG.BasicScenario.TestDemo3_Enabled" name="testChrome" time="3.810"/>
  <system-out/>
  <testcase classname="com.TestNG.BasicScenario.TestDemo3_Enabled" name="testEdge" time="7.400"/>
  <system-out/>
  <testcase classname="com.TestNG.BasicScenario.TestDemo3_Enabled" name="testFirefox">
    <skipped/>
  </testcase> <!-- testFirefox -->
  <system-out/>
</testsuite> <!-- com.TestNG.BasicScenario.TestDemo3_Enabled -->
