<?xml version="1.0" encoding="UTF-8"?>
<!-- Generated by org.testng.reporters.JUnitReportReporter -->
<testsuite hostname="LAPTOP-5KMFOFH9" failures="0" tests="2" name="com.TestNG.Annotations.RealTimeAnnotationUseCase" time="6.124" errors="0" timestamp="2025-03-15T20:19:00 IST" skipped="0">
  <testcase classname="com.TestNG.Annotations.RealTimeAnnotationUseCase" name="testCRMAppforLogin" time="3.567"/>
  <system-out/>
  <testcase classname="com.TestNG.Annotations.RealTimeAnnotationUseCase" name="testCRMAppforLogout" time="2.557"/>
  <system-out/>
</testsuite> <!-- com.TestNG.Annotations.RealTimeAnnotationUseCase -->
