<?xml version="1.0" encoding="UTF-8"?>
<!-- Generated by org.testng.reporters.JUnitReportReporter -->
<testsuite hostname="LAPTOP-5KMFOFH9" failures="0" tests="2" name="com.SwagLab.TestCases.Test5_OverView" time="0.210" errors="0" timestamp="2025-03-23T21:27:17 IST" skipped="0">
  <testcase classname="com.SwagLab.TestCases.Test5_OverView" name="varifySummary" time="0.033"/>
  <system-out/>
  <testcase classname="com.SwagLab.TestCases.Test5_OverView" name="validateCompleteCheckOut" time="0.177"/>
  <system-out/>
</testsuite> <!-- com.SwagLab.TestCases.Test5_OverView -->
