<?xml version="1.0" encoding="UTF-8"?>
<!-- Generated by org.testng.reporters.JUnitReportReporter -->
<testsuite hostname="LAPTOP-5KMFOFH9" failures="0" tests="1" name="com.WebelementHandling.DropdownAutomation_AmazonSelectBased" time="5.943" errors="0" timestamp="2025-02-23T22:23:35 IST" skipped="0">
  <testcase classname="com.WebelementHandling.DropdownAutomation_AmazonSelectBased" name="testDropdown" time="5.943"/>
  <system-out/>
</testsuite> <!-- com.WebelementHandling.DropdownAutomation_AmazonSelectBased -->
