<?xml version="1.0" encoding="UTF-8"?>
<!-- Generated by org.testng.reporters.JUnitReportReporter -->
<testsuite hostname="LAPTOP-5KMFOFH9" failures="0" tests="1" name="com.WebelementHandling.WebTableAutomation_PaginationScenario" time="11.608" errors="0" timestamp="2025-03-08T20:35:38 IST" skipped="0">
  <testcase classname="com.WebelementHandling.WebTableAutomation_PaginationScenario" name="testTable" time="11.608"/>
  <system-out/>
</testsuite> <!-- com.WebelementHandling.WebTableAutomation_PaginationScenario -->
