<?xml version="1.0" encoding="UTF-8"?>
<!-- Generated by org.testng.reporters.JUnitReportReporter -->
<testsuite hostname="LAPTOP-5KMFOFH9" failures="0" tests="4" name="com.TestNG.BasicScenario.TestDemo6_GroupingOfTestCase" time="0.012" errors="0" timestamp="2025-03-15T19:35:38 IST" skipped="0">
  <testcase classname="com.TestNG.BasicScenario.TestDemo6_GroupingOfTestCase" name="testCase1" time="0.009"/>
  <system-out/>
  <testcase classname="com.TestNG.BasicScenario.TestDemo6_GroupingOfTestCase" name="testCase3" time="0.001"/>
  <system-out/>
  <testcase classname="com.TestNG.BasicScenario.TestDemo6_GroupingOfTestCase" name="testCase2" time="0.001"/>
  <system-out/>
  <testcase classname="com.TestNG.BasicScenario.TestDemo6_GroupingOfTestCase" name="testCase4" time="0.001"/>
  <system-out/>
</testsuite> <!-- com.TestNG.BasicScenario.TestDemo6_GroupingOfTestCase -->
