<?xml version="1.0" encoding="UTF-8"?>
<!-- Generated by org.testng.reporters.JUnitReportReporter -->
<testsuite hostname="LAPTOP-5KMFOFH9" failures="0" tests="3" name="com.SwagLab.TestCases.Test1_Login" time="2.504" errors="0" timestamp="2025-03-22T22:36:22 IST" skipped="0">
  <testcase classname="com.SwagLab.TestCases.Test1_Login" name="validateUrl" time="0.028"/>
  <system-out/>
  <testcase classname="com.SwagLab.TestCases.Test1_Login" name="validateTitle" time="0.013"/>
  <system-out/>
  <testcase classname="com.SwagLab.TestCases.Test1_Login" name="validateLogin" time="2.463"/>
  <system-out/>
</testsuite> <!-- com.SwagLab.TestCases.Test1_Login -->
