<?xml version="1.0" encoding="UTF-8"?>
<!-- Generated by org.testng.reporters.JUnitReportReporter -->
<testsuite hostname="LAPTOP-5KMFOFH9" failures="0" tests="3" name="com.SwagLab.TestCases.Test2_Inventory" time="2.611" errors="0" timestamp="2025-03-23T21:27:17 IST" skipped="0">
  <testcase classname="com.SwagLab.TestCases.Test2_Inventory" name="validateProductCount" time="0.032"/>
  <system-out/>
  <testcase classname="com.SwagLab.TestCases.Test2_Inventory" name="varifyProductDeatils" time="0.209"/>
  <system-out/>
  <testcase classname="com.SwagLab.TestCases.Test2_Inventory" name="validateAddToCartFeature" time="2.370"/>
  <system-out/>
</testsuite> <!-- com.SwagLab.TestCases.Test2_Inventory -->
