<?xml version="1.0" encoding="UTF-8"?>
<!-- Generated by org.testng.reporters.JUnitReportReporter -->
<testsuite hostname="LAPTOP-5KMFOFH9" failures="0" tests="4" name="com.TestNG.Annotations.A" time="0.009" errors="0" timestamp="2025-03-15T20:01:00 IST" skipped="0">
  <testcase classname="com.TestNG.Annotations.A" name="testCase2" time="0.002"/>
  <system-out/>
  <testcase classname="com.TestNG.Annotations.A" name="testCase2" time="0.002"/>
  <system-out/>
  <testcase classname="com.TestNG.Annotations.A" name="testCase1" time="0.004"/>
  <system-out/>
  <testcase classname="com.TestNG.Annotations.A" name="testCase1" time="0.001"/>
  <system-out/>
</testsuite> <!-- com.TestNG.Annotations.A -->
