<?xml version="1.0" encoding="UTF-8"?>
<!-- Generated by org.testng.reporters.JUnitReportReporter -->
<testsuite hostname="LAPTOP-5KMFOFH9" failures="0" tests="1" name="com.WaitsInSelenium.WaitScenarioUsingFluentWaitClass" time="19.753" errors="0" timestamp="2025-03-09T21:10:18 IST" skipped="0">
  <testcase classname="com.WaitsInSelenium.WaitScenarioUsingFluentWaitClass" name="testFluentWait" time="19.753"/>
  <system-out/>
</testsuite> <!-- com.WaitsInSelenium.WaitScenarioUsingFluentWaitClass -->
