<?xml version="1.0" encoding="UTF-8"?>
<!-- Generated by org.testng.reporters.JUnitReportReporter -->
<testsuite hostname="LAPTOP-5KMFOFH9" failures="0" tests="4" name="com.SwagLab.TestCases.Test3_CartPage" time="6.700" errors="0" timestamp="2025-03-23T21:27:17 IST" skipped="0">
  <testcase classname="com.SwagLab.TestCases.Test3_CartPage" name="varifyProductDescription" time="0.027"/>
  <system-out/>
  <testcase classname="com.SwagLab.TestCases.Test3_CartPage" name="validateRemoveFeature" time="2.075"/>
  <system-out/>
  <testcase classname="com.SwagLab.TestCases.Test3_CartPage" name="validateContinueShoppingFeature" time="4.449"/>
  <system-out/>
  <testcase classname="com.SwagLab.TestCases.Test3_CartPage" name="validateCheckoutFeature" time="0.149"/>
  <system-out/>
</testsuite> <!-- com.SwagLab.TestCases.Test3_CartPage -->
