<?xml version="1.0" encoding="UTF-8"?>
<!-- Generated by org.testng.reporters.JUnitReportReporter -->
<testsuite hostname="LAPTOP-5KMFOFH9" failures="0" tests="3" name="com.TestNG.DataPassing.HrmDataPassingUsingxml" time="7.970" errors="0" timestamp="2025-03-15T20:48:32 IST" skipped="0">
  <testcase classname="com.TestNG.DataPassing.HrmDataPassingUsingxml" name="testLogin" time="2.819"/>
  <system-out/>
  <testcase classname="com.TestNG.DataPassing.HrmDataPassingUsingxml" name="testLogin" time="2.780"/>
  <system-out/>
  <testcase classname="com.TestNG.DataPassing.HrmDataPassingUsingxml" name="testLogin" time="2.371"/>
  <system-out/>
</testsuite> <!-- com.TestNG.DataPassing.HrmDataPassingUsingxml -->
