<?xml version="1.0" encoding="UTF-8"?>
<!-- Generated by org.testng.reporters.JUnitReportReporter -->
<testsuite hostname="LAPTOP-5KMFOFH9" failures="0" tests="1" name="com.DriverSession.DriverSessionWithUiAutomator2OptionsClass" time="6.044" errors="0" timestamp="2025-04-12T21:34:04 IST" skipped="0">
  <testcase classname="com.DriverSession.DriverSessionWithUiAutomator2OptionsClass" name="testDriverSession" time="6.044"/>
  <system-out/>
</testsuite> <!-- com.DriverSession.DriverSessionWithUiAutomator2OptionsClass -->
