<?xml version="1.0" encoding="UTF-8"?>
<!-- Generated by org.testng.reporters.JUnitReportReporter -->
<testsuite hostname="LAPTOP-5KMFOFH9" failures="0" tests="1" name="com.WaitsInSelenium.AutomateWaitScenarioUsingWebDriverWait" time="49.783" errors="0" timestamp="2025-03-09T21:02:28 IST" skipped="0">
  <testcase classname="com.WaitsInSelenium.AutomateWaitScenarioUsingWebDriverWait" name="testExplicitWait" time="49.783"/>
  <system-out/>
</testsuite> <!-- com.WaitsInSelenium.AutomateWaitScenarioUsingWebDriverWait -->
