<?xml version="1.0" encoding="UTF-8"?>
<!-- Generated by org.testng.reporters.JUnitReportReporter -->
<testsuite hostname="LAPTOP-5KMFOFH9" failures="0" tests="6" name="com.ApiBasicRequest.TestAPIChaining" time="8.824" errors="0" timestamp="2025-04-06T21:37:52 IST" skipped="0">
  <testcase classname="com.ApiBasicRequest.TestAPIChaining" name="createNewBooking" time="3.641"/>
  <system-out/>
  <testcase classname="com.ApiBasicRequest.TestAPIChaining" name="getDetailsForRegisterBooking" time="1.079"/>
  <system-out/>
  <testcase classname="com.ApiBasicRequest.TestAPIChaining" name="createToken" time="1.056"/>
  <system-out/>
  <testcase classname="com.ApiBasicRequest.TestAPIChaining" name="updateFullBooking" time="1.007"/>
  <system-out/>
  <testcase classname="com.ApiBasicRequest.TestAPIChaining" name="partialBookigUpdate" time="1.041"/>
  <system-out/>
  <testcase classname="com.ApiBasicRequest.TestAPIChaining" name="deleteBooking" time="1.000"/>
  <system-out/>
</testsuite> <!-- com.ApiBasicRequest.TestAPIChaining -->
