<?xml version="1.0" encoding="UTF-8"?>
<!-- Generated by org.testng.reporters.JUnitReportReporter -->
<testsuite hostname="LAPTOP-5KMFOFH9" failures="0" tests="4" name="com.TestNG.BasicScenario.TestDemo1_priority" time="0.012" errors="0" timestamp="2025-03-09T21:59:16 IST" skipped="0">
  <testcase classname="com.TestNG.BasicScenario.TestDemo1_priority" name="regiterUser" time="0.009"/>
  <system-out/>
  <testcase classname="com.TestNG.BasicScenario.TestDemo1_priority" name="loginUser" time="0.001"/>
  <system-out/>
  <testcase classname="com.TestNG.BasicScenario.TestDemo1_priority" name="searchProduct" time="0.001"/>
  <system-out/>
  <testcase classname="com.TestNG.BasicScenario.TestDemo1_priority" name="addToCart" time="0.001"/>
  <system-out/>
</testsuite> <!-- com.TestNG.BasicScenario.TestDemo1_priority -->
