<?xml version="1.0" encoding="UTF-8"?>
<!-- Generated by org.testng.reporters.JUnitReportReporter -->
<testsuite hostname="LAPTOP-5KMFOFH9" failures="0" tests="2" name="com.SwagLab.TestCases.Test5_OverView" time="0.148" errors="0" timestamp="2025-03-22T22:36:22 IST" skipped="0">
  <testcase classname="com.SwagLab.TestCases.Test5_OverView" name="varifySummary" time="0.030"/>
  <system-out/>
  <testcase classname="com.SwagLab.TestCases.Test5_OverView" name="validateCompleteCheckOut" time="0.118"/>
  <system-out/>
</testsuite> <!-- com.SwagLab.TestCases.Test5_OverView -->
